/usr/lib/python3/dist-packages/scipy/__init__.py:146: UserWarning: A NumPy version >=1.17.3 and <1.25.0 is required for this version of SciPy (detected version 1.26.4
  warnings.warn(f"A NumPy version >={np_minversion} and <{np_maxversion}"
Node 2 initializing on device: cpu
Loaded FAISS Index.
Batching Service FAISS started for Node 2
Node 2 loaded FAISS service only.

Starting Flask server on 132.236.91.188:8002
 * Serving Flask app 'pipeline'
 * Debug mode: off
WARNING: This is a development server. Do not use it in a production deployment. Use a production WSGI server instead.
 * Running on http://132.236.91.188:8002
Press CTRL+C to quit
[2, FAISS]
	Batch triggered: Timed out with batch size 1
	Processing batch of size 1
	Processed in 1.4923850221093744 seconds

132.236.91.184 - - [07/Dec/2025 16:30:32] "POST /retrieval_batch HTTP/1.1" 200 -
[2, FAISS]
	Batch triggered: Timed out with batch size 1
	Processing batch of size 1
	Processed in 1.34981798985973 seconds

132.236.91.188 - - [07/Dec/2025 16:30:37] "POST /retrieval_batch HTTP/1.1" 200 -
[2, FAISS]
	Batch triggered: Timed out with batch size 1
	Processing batch of size 1
	Processed in 1.3733530470635742 seconds

132.236.91.184 - - [07/Dec/2025 16:30:42] "POST /retrieval_batch HTTP/1.1" 200 -
[2, FAISS]
	Batch triggered: Timed out with batch size 1
	Processing batch of size 1
	Processed in 1.3611034420318902 seconds

132.236.91.188 - - [07/Dec/2025 16:30:47] "POST /retrieval_batch HTTP/1.1" 200 -
[2, FAISS]
	Batch triggered: Timed out with batch size 1
	Processing batch of size 1
	Processed in 1.3555736769922078 seconds

132.236.91.184 - - [07/Dec/2025 16:30:52] "POST /retrieval_batch HTTP/1.1" 200 -
[2, FAISS]
	Batch triggered: Timed out with batch size 1
	Processing batch of size 1
	Processed in 1.3863546589855105 seconds

132.236.91.188 - - [07/Dec/2025 16:30:57] "POST /retrieval_batch HTTP/1.1" 200 -
[2, FAISS]
	Batch triggered: Timed out with batch size 1
	Processing batch of size 1
	Processed in 1.3428825358860195 seconds

132.236.91.184 - - [07/Dec/2025 16:31:02] "POST /retrieval_batch HTTP/1.1" 200 -
[2, FAISS]
	Batch triggered: Timed out with batch size 1
	Processing batch of size 1
	Processed in 1.4477745068725199 seconds

132.236.91.188 - - [07/Dec/2025 16:31:07] "POST /retrieval_batch HTTP/1.1" 200 -
